* [Engine] Log started at 2025/4/2 10:1:21
* [Engine] DragonRuby Game Toolkit
* [Engine]   Version: 6.23
* [Engine]   Tier: Standard
* [Engine]   GIT Hash: b9ba2652ac016be4bed171795e0ce6fa39d3ac82
* [Engine]   Build Date: Mar 20 2025 19:12:10
* [Engine] Platform: Linux
* [Engine] 
* [Engine] *******************************************************************************************
* [Engine] *** This is the Standard license build!                                                 ***
* [Engine] *** Get more with an Indie or Pro license such as C extensions, mobile dev, and Steam!  ***
* [Engine] *** Details at http://dragonruby.org/#purchase                                          ***
* [Engine] *******************************************************************************************
* [Engine] 
! [Engine] Metadata file does not have all required fields!
- [Engine] Process Working Directory: /home/david/Documents/code/perlib/dragonruby/building-game-with-dragonruby/game1/
- [Engine] Game Dir: /home/david/Documents/code/perlib/dragonruby/building-game-with-dragonruby/game1//mygame
- [Engine] Game ID: hello-SDL
- [Engine] Game Title: Update metadata/game_metadata.txt in your mygame directory to change this title.
- [Engine] Game Version: 1.0
- [Engine] Game Package ID: org.dragonruby.hello-SDL
- [Engine] Game Developer ID: dragonruby
- [Engine] Game Developer Title: DragonRuby LLC
- [Engine] Production Build: no
- [Engine] Remote Hotload: no
? [Engine] Loading cvars from file 'metadata/cvars.txt' ...
? [Engine] File 'metadata/cvars.txt' line 44 setting cvar 'log.filter_subsystems' to 'HTTPServer'
? [Engine] File 'metadata/cvars.txt' complete
- [Render] SDL video backend: x11
- [Render] SDL renderer backend: opengl
- [Render] Window size: 1280x720 (requested 1280x720)
- [Render] Fullscreen Desktop mode: no
- [Render] HD: no
- [Render] HighDPI: no
- [Render] Max texture size: 8192x8192 (system reported 8192x8192)
- [Render] Logical render size: 1280x720
- [Render] Native render size: 1280x720
? [Engine] RNG seed has been set to 1743613282.
- [Engine] Janitor is using 1 threads.
? [Engine] ~reset~ has been invoked (15720).
? [Engine] RNG seed has been set to 1743613282.
? [Engine] Reloaded app/main.rb. (15720)
- [Game] 
- [Game] Easing::ease can be expensive to invoke, consider using Easing.smooth_(start|stop|step) instead.
- [Game] 
- [Game] [Message ID: [:consider_smooth!]]
- [Game] 
- [Game] -> reset
- [Game] * EXCEPTION: * ERROR - :reset method missing on ~Class~.

#+begin_src ~Class#inspect~
GTK::ConsoleEvaluator
#+end_src ~Class#inspect~



The method named
  :reset
doesn't exist on [Class].

(suggestions above)
- [Game] -> :reset
- [Game] => :reset
- [Game] -> gtk:reset
- [Game] * EXCEPTION: line 12: syntax error, unexpected label, expecting keyword_end
** Backtrace:
? [Engine] ~reset~ has been invoked (18705).
? [Engine] RNG seed has been set to 1743613282.
? [Engine] ~reset~ has been invoked (27137).
? [Engine] RNG seed has been set to 1743613282.
? [Engine] Reloaded app/main.rb. (27137)
- [Game] * EXCEPTION POSSIBLY CAUSED BY CALLING ~gtk.reset~: maybe use ~$gtk.reset_next_tick~ instead.
An exception occurred soon after ~$gtk.reset~ was invoked.

Keep in mind that ~$gtk.reset~ doesn't stop the rest of your ~tick~ method from being invoked.

You may have attempted to interact with properties on ~args.state~ that no longer have a value.

There are a few ways to fix exceptions that fall into this category:

1. Wherever you are using ~$gtk.reset~ within ~tick~, replace
   with ~$gtk.reset_next_tick~ (this function will tell DragonRuby to
   reset on the next frame before invoking your ~tick~ method).
2. Anywhere you are using ~$gtk.reset~, immediately set default values for
   properties on ~args.state~ that are needed to complete the execution
   of the rest of your ~tick~ function successfully.
3. Do not use ~$gtk.reset~ and instead create a function that reinitializes your game
   and ensures it has a consistent/valid state.

   Take a look at the following sample apps for insights on how to do this:
   - =./samples/99_genre_boss_battle/boss_battle_game_jam/app/main.rb=
   - =./samples/99_genre_platformer/shadows/app/main.rb=

** NOTE:
The options above are ordered by quickest to implement (but probably not
bulletproof), to more work to implement (but a better design long term).

* EXCEPTION THROWN:
** Failed to load/reload app/main.rb.
line 47:17: syntax error, unexpected ':', expecting keyword_do or '{' or '('



** Backtrace:

* Backtrace ~$gtk.reset~ last invocation: (56092)
? [Engine] ~reset~ has been invoked (56632).
? [Engine] RNG seed has been set to 1743613282.
? [Engine] Reloaded app/main.rb. (56632)
- [Game] * WARNING: Method invocation on a nil value detected.
The method ~-~ with args [132] was invoked on ~grid~ within args.state, but ~grid~ has a
value of nil (the invocation of ~-~ was suppressed). Consider setting
a default value for ~grid~ to avoid null reference exceptions later on."



To track method invocations on ~nil~, add $gtk.trace_nil_punning! in =main.rb=.

- [Game] * INFO - Game state and exception will be written to logs/exceptions/game_state_1805.txt and logs/exceptions/current.txt.
- [Game]   global_tick_count: 58438
- [Game]   tick_count: 1805
- [Game] * EXCEPTION:
* ERROR:
The method ~-~ was invoked on ~grid~ within args.state, but ~grid~ has
a value of nil. The temporary coersion of this nil value, has reached it's
invocation limit (you've called this function a lot and should probably
set a default value for ~grid~).

Here is the details:

object:
{:entity_id=>1, :tick_count=>1805, :__thrash_count__=>{:-=>6}, :player=>{:x=>120, :y=>472, :w=>100, :h=>80, :speed=>12, :path=>"sprites/misc/dragon-0.png"}, :fireballs=>[], :targets=>[{:x=>1114.0, :y=>162, :w=>64, :h=>64, :path=>"sprites/target.png"}, {:x=>946.0, :y=>111, :w=>64, :h=>64, :path=>"sprites/target.png"}, {:x=>1160.0, :y=>185, :w=>64, :h=>64, :path=>"sprites/target.png"}], :score=>3, :timer=>-6}

member: [-]
attribute: [grid].

Set a default value for this property.


** Backtrace:
*** app/main.rb:51:in tick (58438)
? [Engine] ~reset~ has been invoked (59271).
? [Engine] RNG seed has been set to 1743613282.
? [Engine] Reloaded app/main.rb. (59271)
? [Engine] ~reset~ has been invoked (64580).
? [Engine] RNG seed has been set to 1743613282.
? [Engine] Reloaded app/main.rb. (64580)
? [Engine] ~reset~ has been invoked (69973).
? [Engine] RNG seed has been set to 1743613282.
? [Engine] Reloaded app/main.rb. (69973)
? [Engine] ~reset~ has been invoked (82674).
? [Engine] RNG seed has been set to 1743613282.
? [Engine] Reloaded app/main.rb. (82674)
- [Game] * INFO - Game state and exception will be written to logs/exceptions/game_state_1800.txt and logs/exceptions/current.txt.
- [Game]   global_tick_count: 84475
- [Game]   tick_count: 1800
- [Game] * EXCEPTION:
* ERROR - :keybaord method missing on ~GTK::Inputs~.

#+begin_src ~GTK::Inputs#inspect~
#<GTK::Inputs:0x3c4be9b0 @pinch_zoom=0, @keyboard=#<GTK::Keyboard:0x3c4bdd20>, @http_requests=[], @touch={}, @headset={:position=>{:x=>0.0, :y=>0.0, :z=>0.0}, :orientation=>{:x=>0.0, :y=>0.0, :z=>0.0}}, @controllers=[{:left_analog_x_raw=>0, :left_analog_y_raw=>0, :left_analog_x_perc=>0.0, :left_analog_y_perc=>0.0, :right_analog_x_raw=>0, :right_analog_y_raw=>0, :right_analog_x_perc=>0.0, :right_analog_y_perc=>0.0, :active=>false, :key_down=>{}, :key_held=>{}, :key_up=>{}, :left_analog_angle=>nil, :right_analog_angle=>nil, :left_analog_active=>false, :right_analog_active=>false}, {:left_analog_x_raw=>0, :left_analog_y_raw=>0, :left_analog_x_perc=>0.0, :left_analog_y_perc=>0.0, :right_analog_x_raw=>0, :right_analog_y_raw=>0, :right_analog_x_perc=>0.0, :right_analog_y_perc=>0.0, :active=>false, :key_down=>{}, :key_held=>{}, :key_up=>{}, :left_analog_angle=>nil, :right_analog_angle=>nil, :left_analog_active=>false, :right_analog_active=>false}, {:left_analog_x_raw=>0, :left_analog_y_raw=>0, :left_analog_x_perc=>0.0, :left_analog_y_perc=>0.0, :right_analog_x_raw=>0, :right_analog_y_raw=>0, :right_analog_x_perc=>0.0, :right_analog_y_perc=>0.0, :active=>false, :key_down=>{}, :key_held=>{}, :key_up=>{}, :left_analog_angle=>nil, :right_analog_angle=>nil, :left_analog_active=>false, :right_analog_active=>false}, {:left_analog_x_raw=>0, :left_analog_y_raw=>0, :left_analog_x_perc=>0.0, :left_analog_y_perc=>0.0, :right_analog_x_raw=>0, :right_analog_y_raw=>0, :right_analog_x_perc=>0.0, :right_analog_y_perc=>0.0, :active=>false, :key_down=>{}, :key_held=>{}, :key_up=>{}, :left_analog_angle=>nil, :right_analog_angle=>nil, :left_analog_active=>false, :right_analog_active=>false}], @mouse=#<GTK::Mouse:0x3c4bd900>, @a11y={}, @touch_enabled=false, @last_active=:keyboard, @locale_raw="en", @finger_one=nil, @locale="en", @touch_center={:x=>-1000, :y=>-1000}, @text=[], @last_active_global_at=82812, @finger_two=nil, @finger_right=nil, @last_active_at=137, @finger_left=nil>
#+end_src ~GTK::Inputs#inspect~

** Did you mean?
Here's a list of methods that kind of look like :keybaord.
*** :keyboard

The method named
  :keybaord
doesn't exist on [GTK::Inputs].

(suggestions above)
** Backtrace:
*** app/main.rb:57:in tick (84475)
? [Engine] ~reset~ has been invoked (85495).
? [Engine] RNG seed has been set to 1743613282.
? [Engine] Reloaded app/main.rb. (85495)
- [Game] * INFO - Game state and exception will be written to logs/exceptions/game_state_300.txt and logs/exceptions/current.txt.
- [Game]   global_tick_count: 85796
- [Game]   tick_count: 300
- [Game] * EXCEPTION:
* ERROR - :keybaord method missing on ~GTK::Inputs~.

#+begin_src ~GTK::Inputs#inspect~
#<GTK::Inputs:0x3c4be9b0 @pinch_zoom=0, @keyboard=#<GTK::Keyboard:0x3c4bdd20>, @http_requests=[], @touch={}, @headset={:position=>{:x=>0.0, :y=>0.0, :z=>0.0}, :orientation=>{:x=>0.0, :y=>0.0, :z=>0.0}}, @controllers=[{:left_analog_x_raw=>0, :left_analog_y_raw=>0, :left_analog_x_perc=>0.0, :left_analog_y_perc=>0.0, :right_analog_x_raw=>0, :right_analog_y_raw=>0, :right_analog_x_perc=>0.0, :right_analog_y_perc=>0.0, :active=>false, :key_down=>{}, :key_held=>{}, :key_up=>{}, :left_analog_angle=>nil, :right_analog_angle=>nil, :left_analog_active=>false, :right_analog_active=>false}, {:left_analog_x_raw=>0, :left_analog_y_raw=>0, :left_analog_x_perc=>0.0, :left_analog_y_perc=>0.0, :right_analog_x_raw=>0, :right_analog_y_raw=>0, :right_analog_x_perc=>0.0, :right_analog_y_perc=>0.0, :active=>false, :key_down=>{}, :key_held=>{}, :key_up=>{}, :left_analog_angle=>nil, :right_analog_angle=>nil, :left_analog_active=>false, :right_analog_active=>false}, {:left_analog_x_raw=>0, :left_analog_y_raw=>0, :left_analog_x_perc=>0.0, :left_analog_y_perc=>0.0, :right_analog_x_raw=>0, :right_analog_y_raw=>0, :right_analog_x_perc=>0.0, :right_analog_y_perc=>0.0, :active=>false, :key_down=>{}, :key_held=>{}, :key_up=>{}, :left_analog_angle=>nil, :right_analog_angle=>nil, :left_analog_active=>false, :right_analog_active=>false}, {:left_analog_x_raw=>0, :left_analog_y_raw=>0, :left_analog_x_perc=>0.0, :left_analog_y_perc=>0.0, :right_analog_x_raw=>0, :right_analog_y_raw=>0, :right_analog_x_perc=>0.0, :right_analog_y_perc=>0.0, :active=>false, :key_down=>{}, :key_held=>{}, :key_up=>{}, :left_analog_angle=>nil, :right_analog_angle=>nil, :left_analog_active=>false, :right_analog_active=>false}], @mouse=#<GTK::Mouse:0x3c4bd900>, @a11y={}, @touch_enabled=false, @last_active=:keyboard, @locale_raw="en", @finger_one=nil, @locale="en", @touch_center={:x=>-1000, :y=>-1000}, @text=[], @last_active_global_at=85593, @finger_two=nil, @finger_right=nil, @last_active_at=97, @finger_left=nil>
#+end_src ~GTK::Inputs#inspect~

** Did you mean?
Here's a list of methods that kind of look like :keybaord.
*** :keyboard

The method named
  :keybaord
doesn't exist on [GTK::Inputs].

(suggestions above)
** Backtrace:
*** app/main.rb:57:in tick (85796)
? [Engine] ~reset~ has been invoked (86828).
? [Engine] RNG seed has been set to 1743613282.
? [Engine] Reloaded app/main.rb. (86828)
? [Engine] ~reset~ has been invoked (87223).
? [Engine] RNG seed has been set to 1743613282.
? [Engine] ~reset~ has been invoked (87671).
? [Engine] RNG seed has been set to 1743613282.
? [Engine] ~reset~ has been invoked (88704).
? [Engine] RNG seed has been set to 1743613282.
? [Engine] Reloaded app/main.rb. (88704)
? [Engine] ~reset~ has been invoked (96925).
? [Engine] RNG seed has been set to 1743613282.
? [Engine] Reloaded app/main.rb. (96925)
- [Game] * EXCEPTION:
** Failed to load/reload app/main.rb.
line 135:1: syntax error, unexpected tLBRACE, expecting ']'
line 143:3: syntax error, unexpected ']', expecting keyword_end



** Backtrace: (105266)
? [Engine] ~reset~ has been invoked (105566).
? [Engine] RNG seed has been set to 1743613282.
? [Engine] Reloaded app/main.rb. (105566)
? [Engine] ~reset~ has been invoked (185575).
? [Engine] RNG seed has been set to 1743613282.
? [Engine] Reloaded app/main.rb. (185575)
