  [1m[35m (2.5ms)[0m  [1m[35mCREATE TABLE "schema_migrations" ("version" varchar NOT NULL PRIMARY KEY)[0m
  [1m[35m (0.2ms)[0m  [1m[35mCREATE TABLE "ar_internal_metadata" ("key" varchar NOT NULL PRIMARY KEY, "value" varchar, "created_at" datetime(6) NOT NULL, "updated_at" datetime(6) NOT NULL)[0m
  [1m[36mActiveRecord::InternalMetadata Load (0.2ms)[0m  [1m[34mSELECT * FROM "ar_internal_metadata" WHERE "ar_internal_metadata"."key" = ? ORDER BY "ar_internal_metadata"."key" ASC LIMIT 1[0m  [[nil, "environment"]]
  [1m[36mActiveRecord::InternalMetadata Create (0.2ms)[0m  [1m[32mINSERT INTO "ar_internal_metadata" ("key", "value", "created_at", "updated_at") VALUES ('environment', 'development', '2024-04-24 00:14:14.837274', '2024-04-24 00:14:14.837278') RETURNING "key"[0m
  [1m[36mActiveRecord::SchemaMigration Load (0.1ms)[0m  [1m[34mSELECT "schema_migrations"."version" FROM "schema_migrations" ORDER BY "schema_migrations"."version" ASC[0m
Migrating to CreateEntries (20240424001046)
  [1m[36mTRANSACTION (0.1ms)[0m  [1m[36mbegin transaction[0m
  [1m[35m (1.6ms)[0m  [1m[35mCREATE TABLE "entries" ("id" integer PRIMARY KEY AUTOINCREMENT NOT NULL, "title" varchar, "content" text, "created_at" datetime(6) NOT NULL, "updated_at" datetime(6) NOT NULL)[0m
  [1m[36mActiveRecord::SchemaMigration Create (0.1ms)[0m  [1m[32mINSERT INTO "schema_migrations" ("version") VALUES ('20240424001046') RETURNING "version"[0m
  [1m[36mTRANSACTION (0.1ms)[0m  [1m[36mcommit transaction[0m
  [1m[36mActiveRecord::SchemaMigration Load (0.1ms)[0m  [1m[34mSELECT "schema_migrations"."version" FROM "schema_migrations" ORDER BY "schema_migrations"."version" ASC[0m
Started GET "/" for 127.0.0.1 at 2024-04-23 17:14:52 -0700
  [1m[36mActiveRecord::SchemaMigration Load (0.2ms)[0m  [1m[34mSELECT "schema_migrations"."version" FROM "schema_migrations" ORDER BY "schema_migrations"."version" ASC[0m
Processing by Rails::WelcomeController#index as HTML
  Rendering /home/david/.rbenv/versions/3.2.3/lib/ruby/gems/3.2.0/gems/railties-7.1.3.2/lib/rails/templates/rails/welcome/index.html.erb
  Rendered /home/david/.rbenv/versions/3.2.3/lib/ruby/gems/3.2.0/gems/railties-7.1.3.2/lib/rails/templates/rails/welcome/index.html.erb (Duration: 0.7ms | Allocations: 375)
Completed 200 OK in 24ms (Views: 7.2ms | ActiveRecord: 0.0ms | Allocations: 7901)


Started GET "/entries" for 127.0.0.1 at 2024-04-24 20:40:54 -0700
  [1m[36mActiveRecord::SchemaMigration Load (0.2ms)[0m  [1m[34mSELECT "schema_migrations"."version" FROM "schema_migrations" ORDER BY "schema_migrations"."version" ASC[0m
Processing by EntriesController#index as HTML
  Rendering layout layouts/application.html.erb
  Rendering entries/index.html.erb within layouts/application
  [1m[36mEntry Load (0.3ms)[0m  [1m[34mSELECT "entries".* FROM "entries"[0m
  ↳ app/views/entries/index.html.erb:6
  Rendered entries/index.html.erb within layouts/application (Duration: 13.3ms | Allocations: 1605)
  Rendered layout layouts/application.html.erb (Duration: 277.6ms | Allocations: 90444)
Completed 200 OK in 322ms (Views: 281.1ms | ActiveRecord: 4.3ms | Allocations: 103560)


Started GET "/entries/new" for 127.0.0.1 at 2024-04-24 20:41:01 -0700
Processing by EntriesController#new as HTML
  Rendering layout layouts/application.html.erb
  Rendering entries/new.html.erb within layouts/application
  Rendered entries/_form.html.erb (Duration: 22.4ms | Allocations: 5098)
  Rendered entries/new.html.erb within layouts/application (Duration: 23.8ms | Allocations: 5419)
  Rendered layout layouts/application.html.erb (Duration: 26.4ms | Allocations: 6523)
Completed 200 OK in 61ms (Views: 27.2ms | ActiveRecord: 1.0ms | Allocations: 15887)


Started POST "/entries" for 127.0.0.1 at 2024-04-24 20:41:18 -0700
Processing by EntriesController#create as TURBO_STREAM
  Parameters: {"authenticity_token"=>"[FILTERED]", "entry"=>{"title"=>"title", "content"=>"content"}, "commit"=>"Create Entry"}
  [1m[36mTRANSACTION (0.1ms)[0m  [1m[36mbegin transaction[0m
  ↳ app/controllers/entries_controller.rb:27:in `block in create'
  [1m[36mEntry Create (2.0ms)[0m  [1m[32mINSERT INTO "entries" ("title", "content", "created_at", "updated_at") VALUES (?, ?, ?, ?) RETURNING "id"[0m  [["title", "title"], ["content", "content"], ["created_at", "2024-04-25 03:41:18.792778"], ["updated_at", "2024-04-25 03:41:18.792778"]]
  ↳ app/controllers/entries_controller.rb:27:in `block in create'
  [1m[36mTRANSACTION (3.5ms)[0m  [1m[36mcommit transaction[0m
  ↳ app/controllers/entries_controller.rb:27:in `block in create'
Redirected to http://localhost:3000/entries/1
Completed 302 Found in 12ms (ActiveRecord: 5.5ms | Allocations: 3426)


Started GET "/entries/1" for 127.0.0.1 at 2024-04-24 20:41:18 -0700
Processing by EntriesController#show as TURBO_STREAM
  Parameters: {"id"=>"1"}
  [1m[36mEntry Load (0.2ms)[0m  [1m[34mSELECT "entries".* FROM "entries" WHERE "entries"."id" = ? LIMIT ?[0m  [["id", 1], ["LIMIT", 1]]
  ↳ app/controllers/entries_controller.rb:63:in `set_entry'
  Rendering layout layouts/application.html.erb
  Rendering entries/show.html.erb within layouts/application
  Rendered entries/_entry.html.erb (Duration: 0.9ms | Allocations: 185)
  Rendered entries/show.html.erb within layouts/application (Duration: 14.6ms | Allocations: 1250)
  Rendered layout layouts/application.html.erb (Duration: 17.5ms | Allocations: 2357)
Completed 200 OK in 26ms (Views: 18.2ms | ActiveRecord: 0.2ms | Allocations: 5372)


Started GET "/entries" for 127.0.0.1 at 2024-04-24 20:41:20 -0700
Processing by EntriesController#index as HTML
  Rendering layout layouts/application.html.erb
  Rendering entries/index.html.erb within layouts/application
  [1m[36mEntry Load (0.1ms)[0m  [1m[34mSELECT "entries".* FROM "entries"[0m
  ↳ app/views/entries/index.html.erb:6
  Rendered entries/_entry.html.erb (Duration: 0.1ms | Allocations: 18)
  Rendered entries/index.html.erb within layouts/application (Duration: 2.7ms | Allocations: 746)
  Rendered layout layouts/application.html.erb (Duration: 5.6ms | Allocations: 1850)
Completed 200 OK in 7ms (Views: 6.1ms | ActiveRecord: 0.1ms | Allocations: 2121)


Started GET "/entries/1/edit" for 127.0.0.1 at 2024-04-24 20:41:22 -0700
Processing by EntriesController#edit as HTML
  Parameters: {"id"=>"1"}
  [1m[36mEntry Load (0.1ms)[0m  [1m[34mSELECT "entries".* FROM "entries" WHERE "entries"."id" = ? LIMIT ?[0m  [["id", 1], ["LIMIT", 1]]
  ↳ app/controllers/entries_controller.rb:63:in `set_entry'
  Rendering layout layouts/application.html.erb
  Rendering entries/edit.html.erb within layouts/application
  Rendered entries/_form.html.erb (Duration: 2.5ms | Allocations: 790)
  Rendered entries/edit.html.erb within layouts/application (Duration: 3.7ms | Allocations: 1045)
  Rendered layout layouts/application.html.erb (Duration: 7.0ms | Allocations: 2144)
Completed 200 OK in 10ms (Views: 7.7ms | ActiveRecord: 0.1ms | Allocations: 2839)


Started GET "/entries" for 127.0.0.1 at 2024-04-24 20:41:24 -0700
Processing by EntriesController#index as HTML
  Rendering layout layouts/application.html.erb
  Rendering entries/index.html.erb within layouts/application
  [1m[36mEntry Load (0.1ms)[0m  [1m[34mSELECT "entries".* FROM "entries"[0m
  ↳ app/views/entries/index.html.erb:6
  Rendered entries/_entry.html.erb (Duration: 0.1ms | Allocations: 18)
  Rendered entries/index.html.erb within layouts/application (Duration: 2.7ms | Allocations: 751)
  Rendered layout layouts/application.html.erb (Duration: 6.0ms | Allocations: 1858)
Completed 200 OK in 7ms (Views: 6.6ms | ActiveRecord: 0.1ms | Allocations: 2128)


Started GET "/entries/1" for 127.0.0.1 at 2024-04-24 20:41:26 -0700
Processing by EntriesController#show as HTML
  Parameters: {"id"=>"1"}
  [1m[36mEntry Load (0.1ms)[0m  [1m[34mSELECT "entries".* FROM "entries" WHERE "entries"."id" = ? LIMIT ?[0m  [["id", 1], ["LIMIT", 1]]
  ↳ app/controllers/entries_controller.rb:63:in `set_entry'
  Rendering layout layouts/application.html.erb
  Rendering entries/show.html.erb within layouts/application
  Rendered entries/_entry.html.erb (Duration: 0.1ms | Allocations: 18)
  Rendered entries/show.html.erb within layouts/application (Duration: 2.0ms | Allocations: 453)
  Rendered layout layouts/application.html.erb (Duration: 4.8ms | Allocations: 1552)
Completed 200 OK in 7ms (Views: 5.4ms | ActiveRecord: 0.1ms | Allocations: 2173)


Started GET "/entries/new" for 127.0.0.1 at 2024-04-24 20:41:26 -0700
Processing by EntriesController#new as HTML
  Rendering layout layouts/application.html.erb
  Rendering entries/new.html.erb within layouts/application
  Rendered entries/_form.html.erb (Duration: 2.5ms | Allocations: 741)
  Rendered entries/new.html.erb within layouts/application (Duration: 2.9ms | Allocations: 820)
  Rendered layout layouts/application.html.erb (Duration: 5.6ms | Allocations: 1923)
Completed 200 OK in 7ms (Views: 6.2ms | ActiveRecord: 0.0ms | Allocations: 2189)


Started GET "/entries/1" for 127.0.0.1 at 2024-04-24 20:41:27 -0700
Processing by EntriesController#show as HTML
  Parameters: {"id"=>"1"}
  [1m[36mEntry Load (0.1ms)[0m  [1m[34mSELECT "entries".* FROM "entries" WHERE "entries"."id" = ? LIMIT ?[0m  [["id", 1], ["LIMIT", 1]]
  ↳ app/controllers/entries_controller.rb:63:in `set_entry'
  Rendering layout layouts/application.html.erb
  Rendering entries/show.html.erb within layouts/application
  Rendered entries/_entry.html.erb (Duration: 0.1ms | Allocations: 18)
  Rendered entries/show.html.erb within layouts/application (Duration: 1.6ms | Allocations: 453)
  Rendered layout layouts/application.html.erb (Duration: 4.3ms | Allocations: 1552)
Completed 200 OK in 7ms (Views: 4.9ms | ActiveRecord: 0.1ms | Allocations: 2173)


Started GET "/entries/1/edit" for 127.0.0.1 at 2024-04-24 20:41:28 -0700
Processing by EntriesController#edit as HTML
  Parameters: {"id"=>"1"}
  [1m[36mEntry Load (0.1ms)[0m  [1m[34mSELECT "entries".* FROM "entries" WHERE "entries"."id" = ? LIMIT ?[0m  [["id", 1], ["LIMIT", 1]]
  ↳ app/controllers/entries_controller.rb:63:in `set_entry'
  Rendering layout layouts/application.html.erb
  Rendering entries/edit.html.erb within layouts/application
  Rendered entries/_form.html.erb (Duration: 2.4ms | Allocations: 776)
  Rendered entries/edit.html.erb within layouts/application (Duration: 2.8ms | Allocations: 880)
  Rendered layout layouts/application.html.erb (Duration: 6.1ms | Allocations: 1979)
Completed 200 OK in 9ms (Views: 6.8ms | ActiveRecord: 0.1ms | Allocations: 2599)


Started PATCH "/entries/1" for 127.0.0.1 at 2024-04-24 20:41:30 -0700
Processing by EntriesController#update as TURBO_STREAM
  Parameters: {"authenticity_token"=>"[FILTERED]", "entry"=>{"title"=>"title", "content"=>"content"}, "commit"=>"Update Entry", "id"=>"1"}
  [1m[36mEntry Load (0.1ms)[0m  [1m[34mSELECT "entries".* FROM "entries" WHERE "entries"."id" = ? LIMIT ?[0m  [["id", 1], ["LIMIT", 1]]
  ↳ app/controllers/entries_controller.rb:63:in `set_entry'
Redirected to http://localhost:3000/entries/1
Completed 302 Found in 4ms (ActiveRecord: 0.1ms | Allocations: 1016)


Started GET "/entries/1" for 127.0.0.1 at 2024-04-24 20:41:30 -0700
Processing by EntriesController#show as TURBO_STREAM
  Parameters: {"id"=>"1"}
  [1m[36mEntry Load (0.1ms)[0m  [1m[34mSELECT "entries".* FROM "entries" WHERE "entries"."id" = ? LIMIT ?[0m  [["id", 1], ["LIMIT", 1]]
  ↳ app/controllers/entries_controller.rb:63:in `set_entry'
  Rendering layout layouts/application.html.erb
  Rendering entries/show.html.erb within layouts/application
  Rendered entries/_entry.html.erb (Duration: 0.1ms | Allocations: 18)
  Rendered entries/show.html.erb within layouts/application (Duration: 1.6ms | Allocations: 467)
  Rendered layout layouts/application.html.erb (Duration: 4.3ms | Allocations: 1566)
Completed 200 OK in 7ms (Views: 4.9ms | ActiveRecord: 0.1ms | Allocations: 2189)


Started GET "/entries/1/edit" for 127.0.0.1 at 2024-04-24 20:41:31 -0700
Processing by EntriesController#edit as HTML
  Parameters: {"id"=>"1"}
  [1m[36mEntry Load (0.1ms)[0m  [1m[34mSELECT "entries".* FROM "entries" WHERE "entries"."id" = ? LIMIT ?[0m  [["id", 1], ["LIMIT", 1]]
  ↳ app/controllers/entries_controller.rb:63:in `set_entry'
  Rendering layout layouts/application.html.erb
  Rendering entries/edit.html.erb within layouts/application
  Rendered entries/_form.html.erb (Duration: 2.3ms | Allocations: 764)
  Rendered entries/edit.html.erb within layouts/application (Duration: 2.7ms | Allocations: 868)
  Rendered layout layouts/application.html.erb (Duration: 5.7ms | Allocations: 1967)
Completed 200 OK in 8ms (Views: 6.3ms | ActiveRecord: 0.1ms | Allocations: 2587)


Started GET "/entries" for 127.0.0.1 at 2024-04-24 20:41:32 -0700
Processing by EntriesController#index as HTML
  Rendering layout layouts/application.html.erb
  Rendering entries/index.html.erb within layouts/application
  [1m[36mEntry Load (0.1ms)[0m  [1m[34mSELECT "entries".* FROM "entries"[0m
  ↳ app/views/entries/index.html.erb:6
  Rendered entries/_entry.html.erb (Duration: 0.1ms | Allocations: 18)
  Rendered entries/index.html.erb within layouts/application (Duration: 2.6ms | Allocations: 751)
  Rendered layout layouts/application.html.erb (Duration: 5.7ms | Allocations: 1855)
Completed 200 OK in 7ms (Views: 6.3ms | ActiveRecord: 0.1ms | Allocations: 2119)


Started GET "/entries/1" for 127.0.0.1 at 2024-04-24 20:41:32 -0700
Processing by EntriesController#show as HTML
  Parameters: {"id"=>"1"}
  [1m[36mEntry Load (0.1ms)[0m  [1m[34mSELECT "entries".* FROM "entries" WHERE "entries"."id" = ? LIMIT ?[0m  [["id", 1], ["LIMIT", 1]]
  ↳ app/controllers/entries_controller.rb:63:in `set_entry'
  Rendering layout layouts/application.html.erb
  Rendering entries/show.html.erb within layouts/application
  Rendered entries/_entry.html.erb (Duration: 0.1ms | Allocations: 18)
  Rendered entries/show.html.erb within layouts/application (Duration: 1.6ms | Allocations: 459)
  Rendered layout layouts/application.html.erb (Duration: 4.5ms | Allocations: 1559)
Completed 200 OK in 8ms (Views: 5.1ms | ActiveRecord: 0.1ms | Allocations: 2180)


Started DELETE "/entries/1" for 127.0.0.1 at 2024-04-24 20:41:33 -0700
Processing by EntriesController#destroy as TURBO_STREAM
  Parameters: {"authenticity_token"=>"[FILTERED]", "id"=>"1"}
  [1m[36mEntry Load (0.1ms)[0m  [1m[34mSELECT "entries".* FROM "entries" WHERE "entries"."id" = ? LIMIT ?[0m  [["id", 1], ["LIMIT", 1]]
  ↳ app/controllers/entries_controller.rb:63:in `set_entry'
  [1m[36mTRANSACTION (0.1ms)[0m  [1m[36mbegin transaction[0m
  ↳ app/controllers/entries_controller.rb:52:in `destroy'
  [1m[36mEntry Destroy (2.1ms)[0m  [1m[31mDELETE FROM "entries" WHERE "entries"."id" = ?[0m  [["id", 1]]
  ↳ app/controllers/entries_controller.rb:52:in `destroy'
  [1m[36mTRANSACTION (0.1ms)[0m  [1m[36mcommit transaction[0m
  ↳ app/controllers/entries_controller.rb:52:in `destroy'
Redirected to http://localhost:3000/entries
Completed 302 Found in 8ms (ActiveRecord: 2.4ms | Allocations: 2072)


Started GET "/entries" for 127.0.0.1 at 2024-04-24 20:41:33 -0700
Processing by EntriesController#index as TURBO_STREAM
  Rendering layout layouts/application.html.erb
  Rendering entries/index.html.erb within layouts/application
  [1m[36mEntry Load (0.1ms)[0m  [1m[34mSELECT "entries".* FROM "entries"[0m
  ↳ app/views/entries/index.html.erb:6
  Rendered entries/index.html.erb within layouts/application (Duration: 2.1ms | Allocations: 625)
  Rendered layout layouts/application.html.erb (Duration: 5.1ms | Allocations: 1729)
Completed 200 OK in 6ms (Views: 5.6ms | ActiveRecord: 0.1ms | Allocations: 1996)


Started GET "/entries/new" for 127.0.0.1 at 2024-04-24 20:41:35 -0700
Processing by EntriesController#new as HTML
  Rendering layout layouts/application.html.erb
  Rendering entries/new.html.erb within layouts/application
  Rendered entries/_form.html.erb (Duration: 2.3ms | Allocations: 744)
  Rendered entries/new.html.erb within layouts/application (Duration: 2.6ms | Allocations: 823)
  Rendered layout layouts/application.html.erb (Duration: 5.4ms | Allocations: 1926)
Completed 200 OK in 7ms (Views: 6.0ms | ActiveRecord: 0.0ms | Allocations: 2192)


Started GET "/entries" for 127.0.0.1 at 2024-04-24 20:57:37 -0700
  [1m[36mActiveRecord::SchemaMigration Load (0.2ms)[0m  [1m[34mSELECT "schema_migrations"."version" FROM "schema_migrations" ORDER BY "schema_migrations"."version" ASC[0m
Processing by EntriesController#index as HTML
  Rendering layout layouts/application.html.erb
  Rendering entries/index.html.erb within layouts/application
  [1m[36mEntry Load (0.1ms)[0m  [1m[34mSELECT "entries".* FROM "entries"[0m
  ↳ app/views/entries/index.html.erb:7
  Rendered entries/index.html.erb within layouts/application (Duration: 6.4ms | Allocations: 1428)
  Rendered layout layouts/application.html.erb (Duration: 82.8ms | Allocations: 33687)
Completed 200 OK in 116ms (Views: 89.0ms | ActiveRecord: 1.5ms | Allocations: 44957)


Started GET "/entries" for 127.0.0.1 at 2024-04-24 20:57:38 -0700
Processing by EntriesController#index as HTML
  Rendering layout layouts/application.html.erb
  Rendering entries/index.html.erb within layouts/application
  [1m[36mEntry Load (0.1ms)[0m  [1m[34mSELECT "entries".* FROM "entries"[0m
  ↳ app/views/entries/index.html.erb:7
  Rendered entries/index.html.erb within layouts/application (Duration: 1.6ms | Allocations: 438)
  Rendered layout layouts/application.html.erb (Duration: 4.6ms | Allocations: 1542)
Completed 200 OK in 6ms (Views: 5.1ms | ActiveRecord: 0.1ms | Allocations: 2011)


Started GET "/entries" for 127.0.0.1 at 2024-04-24 20:57:39 -0700
Processing by EntriesController#index as HTML
  Rendering layout layouts/application.html.erb
  Rendering entries/index.html.erb within layouts/application
  [1m[36mEntry Load (0.1ms)[0m  [1m[34mSELECT "entries".* FROM "entries"[0m
  ↳ app/views/entries/index.html.erb:7
  Rendered entries/index.html.erb within layouts/application (Duration: 1.5ms | Allocations: 437)
  Rendered layout layouts/application.html.erb (Duration: 5.1ms | Allocations: 1541)
Completed 200 OK in 7ms (Views: 5.6ms | ActiveRecord: 0.1ms | Allocations: 2024)


Started GET "/entries" for 127.0.0.1 at 2024-04-24 20:57:40 -0700
Processing by EntriesController#index as HTML
  Rendering layout layouts/application.html.erb
  Rendering entries/index.html.erb within layouts/application
  [1m[36mEntry Load (0.1ms)[0m  [1m[34mSELECT "entries".* FROM "entries"[0m
  ↳ app/views/entries/index.html.erb:7
  Rendered entries/index.html.erb within layouts/application (Duration: 1.6ms | Allocations: 437)
  Rendered layout layouts/application.html.erb (Duration: 5.0ms | Allocations: 1541)
Completed 200 OK in 7ms (Views: 5.6ms | ActiveRecord: 0.1ms | Allocations: 2003)


