Started GET "/" for 127.0.0.1 at 2024-06-07 19:58:28 -0700
  [1m[35m (3.2ms)[0m  [1m[35mCREATE TABLE "schema_migrations" ("version" varchar NOT NULL PRIMARY KEY)[0m
  [1m[35m (0.2ms)[0m  [1m[35mCREATE TABLE "ar_internal_metadata" ("key" varchar NOT NULL PRIMARY KEY, "value" varchar, "created_at" datetime(6) NOT NULL, "updated_at" datetime(6) NOT NULL)[0m
  [1m[36mActiveRecord::SchemaMigration Load (0.1ms)[0m  [1m[34mSELECT "schema_migrations"."version" FROM "schema_migrations" ORDER BY "schema_migrations"."version" ASC[0m
Processing by Rails::WelcomeController#index as HTML
  Rendering /home/david/.rbenv/versions/3.3.0/lib/ruby/gems/3.3.0/gems/railties-7.1.3.4/lib/rails/templates/rails/welcome/index.html.erb
  Rendered /home/david/.rbenv/versions/3.3.0/lib/ruby/gems/3.3.0/gems/railties-7.1.3.4/lib/rails/templates/rails/welcome/index.html.erb (Duration: 0.8ms | Allocations: 374)
Completed 200 OK in 25ms (Views: 8.1ms | ActiveRecord: 0.0ms | Allocations: 7770)


Started GET "/" for 127.0.0.1 at 2024-06-07 20:05:30 -0700
  [1m[36mActiveRecord::SchemaMigration Load (0.2ms)[0m  [1m[34mSELECT "schema_migrations"."version" FROM "schema_migrations" ORDER BY "schema_migrations"."version" ASC[0m
Processing by Rails::WelcomeController#index as HTML
  Rendering /home/david/.rbenv/versions/3.3.0/lib/ruby/gems/3.3.0/gems/railties-7.1.3.4/lib/rails/templates/rails/welcome/index.html.erb
  Rendered /home/david/.rbenv/versions/3.3.0/lib/ruby/gems/3.3.0/gems/railties-7.1.3.4/lib/rails/templates/rails/welcome/index.html.erb (Duration: 1.0ms | Allocations: 374)
Completed 200 OK in 10ms (Views: 4.0ms | ActiveRecord: 0.0ms | Allocations: 4325)


Started GET "/articles" for 127.0.0.1 at 2024-06-07 20:05:36 -0700
Processing by ArticlesController#index as HTML
  Rendering layout layouts/application.html.erb
  Rendering articles/index.html.erb within layouts/application
  Rendered articles/index.html.erb within layouts/application (Duration: 0.4ms | Allocations: 93)
  Rendered layout layouts/application.html.erb (Duration: 280.1ms | Allocations: 94896)
Completed 200 OK in 283ms (Views: 281.7ms | ActiveRecord: 0.0ms | Allocations: 95839)


Started GET "/articles" for 127.0.0.1 at 2024-06-07 20:06:16 -0700
Processing by ArticlesController#index as HTML
  Rendering layout layouts/application.html.erb
  Rendering articles/index.html.erb within layouts/application
  Rendered articles/index.html.erb within layouts/application (Duration: 0.3ms | Allocations: 96)
  Rendered layout layouts/application.html.erb (Duration: 23.2ms | Allocations: 18307)
Completed 200 OK in 25ms (Views: 24.4ms | ActiveRecord: 0.0ms | Allocations: 19231)


Started GET "/" for 127.0.0.1 at 2024-06-07 20:06:19 -0700
Processing by ArticlesController#index as HTML
  Rendering layout layouts/application.html.erb
  Rendering articles/index.html.erb within layouts/application
  Rendered articles/index.html.erb within layouts/application (Duration: 0.0ms | Allocations: 7)
  Rendered layout layouts/application.html.erb (Duration: 2.0ms | Allocations: 1256)
Completed 200 OK in 3ms (Views: 2.4ms | ActiveRecord: 0.0ms | Allocations: 1502)


Started GET "/" for 127.0.0.1 at 2024-06-07 20:06:25 -0700
  
ArgumentError (:to must respond to `action` or `call`, or it must be a String that includes '#'):
  
config/routes.rb:3:in `block in <main>'
config/routes.rb:1:in `<main>'
Started GET "/" for 127.0.0.1 at 2024-06-07 20:06:44 -0700
Processing by ArticlesController#index as HTML
  Rendering layout layouts/application.html.erb
  Rendering articles/index.html.erb within layouts/application
  Rendered articles/index.html.erb within layouts/application (Duration: 0.4ms | Allocations: 92)
  Rendered layout layouts/application.html.erb (Duration: 23.0ms | Allocations: 15874)
Completed 200 OK in 25ms (Views: 24.3ms | ActiveRecord: 0.0ms | Allocations: 16795)


  [1m[36mActiveRecord::InternalMetadata Load (0.1ms)[0m  [1m[34mSELECT * FROM "ar_internal_metadata" WHERE "ar_internal_metadata"."key" = ? ORDER BY "ar_internal_metadata"."key" ASC LIMIT 1[0m  [[nil, "environment"]]
  [1m[36mActiveRecord::InternalMetadata Create (3.9ms)[0m  [1m[32mINSERT INTO "ar_internal_metadata" ("key", "value", "created_at", "updated_at") VALUES ('environment', 'development', '2024-06-08 03:10:00.205519', '2024-06-08 03:10:00.205523') RETURNING "key"[0m
  [1m[36mActiveRecord::SchemaMigration Load (0.1ms)[0m  [1m[34mSELECT "schema_migrations"."version" FROM "schema_migrations" ORDER BY "schema_migrations"."version" ASC[0m
Migrating to CreateArticles (20240608030749)
  [1m[36mTRANSACTION (0.0ms)[0m  [1m[36mbegin transaction[0m
  [1m[35m (1.3ms)[0m  [1m[35mCREATE TABLE "articles" ("id" integer PRIMARY KEY AUTOINCREMENT NOT NULL, "title" varchar, "body" text, "created_at" datetime(6) NOT NULL, "updated_at" datetime(6) NOT NULL)[0m
  [1m[36mActiveRecord::SchemaMigration Create (0.1ms)[0m  [1m[32mINSERT INTO "schema_migrations" ("version") VALUES ('20240608030749') RETURNING "version"[0m
  [1m[36mTRANSACTION (0.1ms)[0m  [1m[36mcommit transaction[0m
  [1m[36mActiveRecord::SchemaMigration Load (0.1ms)[0m  [1m[34mSELECT "schema_migrations"."version" FROM "schema_migrations" ORDER BY "schema_migrations"."version" ASC[0m
  [1m[36mTRANSACTION (0.1ms)[0m  [1m[36mbegin transaction[0m
  [1m[36mArticle Create (0.8ms)[0m  [1m[32mINSERT INTO "articles" ("title", "body", "created_at", "updated_at") VALUES (?, ?, ?, ?) RETURNING "id"[0m  [["title", "hello rails"], ["body", "this is the body text for this article"], ["created_at", "2024-06-08 03:11:12.171556"], ["updated_at", "2024-06-08 03:11:12.171556"]]
  [1m[36mTRANSACTION (0.2ms)[0m  [1m[36mcommit transaction[0m
Started GET "/" for 127.0.0.1 at 2024-06-07 20:12:21 -0700
  [1m[36mActiveRecord::SchemaMigration Load (0.2ms)[0m  [1m[34mSELECT "schema_migrations"."version" FROM "schema_migrations" ORDER BY "schema_migrations"."version" ASC[0m
Processing by ArticlesController#index as HTML
  Rendering layout layouts/application.html.erb
  Rendering articles/index.html.erb within layouts/application
  Rendered articles/index.html.erb within layouts/application (Duration: 0.4ms | Allocations: 183)
  Rendered layout layouts/application.html.erb (Duration: 48.9ms | Allocations: 35352)
Completed 200 OK in 78ms (Views: 52.8ms | ActiveRecord: 0.0ms | Allocations: 46479)


Started GET "/" for 127.0.0.1 at 2024-06-07 20:12:22 -0700
Processing by ArticlesController#index as HTML
  Rendering layout layouts/application.html.erb
  Rendering articles/index.html.erb within layouts/application
  Rendered articles/index.html.erb within layouts/application (Duration: 0.0ms | Allocations: 7)
  Rendered layout layouts/application.html.erb (Duration: 3.4ms | Allocations: 1270)
Completed 200 OK in 5ms (Views: 4.1ms | ActiveRecord: 0.0ms | Allocations: 1535)


Started GET "/" for 127.0.0.1 at 2024-06-07 20:12:23 -0700
Processing by ArticlesController#index as HTML
  Rendering layout layouts/application.html.erb
  Rendering articles/index.html.erb within layouts/application
  Rendered articles/index.html.erb within layouts/application (Duration: 0.0ms | Allocations: 7)
  Rendered layout layouts/application.html.erb (Duration: 3.4ms | Allocations: 1258)
Completed 200 OK in 5ms (Views: 4.1ms | ActiveRecord: 0.0ms | Allocations: 1522)


Started GET "/" for 127.0.0.1 at 2024-06-07 20:12:25 -0700
Processing by ArticlesController#index as HTML
  Rendering layout layouts/application.html.erb
  Rendering articles/index.html.erb within layouts/application
  Rendered articles/index.html.erb within layouts/application (Duration: 0.0ms | Allocations: 7)
  Rendered layout layouts/application.html.erb (Duration: 2.4ms | Allocations: 1259)
Completed 200 OK in 3ms (Views: 2.8ms | ActiveRecord: 0.0ms | Allocations: 1521)


Started GET "/" for 127.0.0.1 at 2024-06-07 20:13:18 -0700
  [1m[36mActiveRecord::SchemaMigration Load (0.2ms)[0m  [1m[34mSELECT "schema_migrations"."version" FROM "schema_migrations" ORDER BY "schema_migrations"."version" ASC[0m
Processing by ArticlesController#index as HTML
  Rendering layout layouts/application.html.erb
  Rendering articles/index.html.erb within layouts/application
  [1m[36mArticle Load (0.1ms)[0m  [1m[34mSELECT "articles".* FROM "articles"[0m
  ↳ app/views/articles/index.html.erb:4
  Rendered articles/index.html.erb within layouts/application (Duration: 17.7ms | Allocations: 9684)
  Rendered layout layouts/application.html.erb (Duration: 81.6ms | Allocations: 44794)
Completed 200 OK in 103ms (Views: 82.6ms | ActiveRecord: 2.1ms | Allocations: 54617)


